<?xml version="1.0" encoding="UTF-8"?>
<!-- Generated by org.testng.reporters.JUnitXMLReporter -->
<testsuite hostname="Rakeshs-Air" name="Test" tests="4" failures="0" timestamp="15 Dec 2020 07:04:47 GMT" time="0.429"
           errors="0">
    <testcase name="@BeforeTest beforeTest" time="0.0" classname="com.keylessQE.test.LoginTest">
        <failure type="org.testng.TestNGException" message="
Parameter &amp;apos;platformName&amp;apos; is required by @Configuration on method beforeTest but has not been marked @Optional or defined
in /Users/rakesh/git/Mobile_Automation/keyless/testng.xml">
            <![CDATA[org.testng.TestNGException:
Parameter 'platformName' is required by @Configuration on method beforeTest but has not been marked @Optional or defined
in /Users/rakesh/git/Mobile_Automation/keyless/testng.xml
... Removed 20 stack frames]]>
        </failure>
    </testcase> <!-- @BeforeTest beforeTest -->
    <testcase name="@BeforeClass beforeClass" time="0.0" classname="com.keylessQE.test.LoginTest">
        <skipped/>
    </testcase> <!-- @BeforeClass beforeClass -->
    <testcase name="@BeforeMethod beforeMethod" time="0.0" classname="com.keylessQE.test.LoginTest">
        <skipped/>
    </testcase> <!-- @BeforeMethod beforeMethod -->
    <testcase name="@AfterMethod afterMethod" time="0.0" classname="com.keylessQE.test.LoginTest">
        <skipped/>
    </testcase> <!-- @AfterMethod afterMethod -->
    <testcase name="@BeforeMethod beforeMethod" time="0.0" classname="com.keylessQE.test.LoginTest">
        <skipped/>
    </testcase> <!-- @BeforeMethod beforeMethod -->
    <testcase name="@AfterMethod afterMethod" time="0.0" classname="com.keylessQE.test.LoginTest">
        <skipped/>
    </testcase> <!-- @AfterMethod afterMethod -->
    <testcase name="@BeforeMethod beforeMethod" time="0.0" classname="com.keylessQE.test.LoginTest">
        <skipped/>
    </testcase> <!-- @BeforeMethod beforeMethod -->
    <testcase name="@AfterMethod afterMethod" time="0.0" classname="com.keylessQE.test.LoginTest">
        <skipped/>
    </testcase> <!-- @AfterMethod afterMethod -->
    <testcase name="@AfterClass afterClass" time="0.0" classname="com.keylessQE.test.LoginTest">
        <skipped/>
    </testcase> <!-- @AfterClass afterClass -->
    <testcase name="@BeforeMethod beforeMethod" time="0.0" classname="com.keylessQE.test.SelecthomeTest">
        <failure type="java.lang.IllegalArgumentException"
                 message="Can not set io.appium.java_client.MobileElement field com.keyless.pages.Select_Home.SelectHome to org.openqa.selenium.remote.RemoteWebElement$$EnhancerByCGLIB$$d27c0df4">
            <![CDATA[java.lang.IllegalArgumentException: Can not set io.appium.java_client.MobileElement field com.keyless.pages.Select_Home.SelectHome to org.openqa.selenium.remote.RemoteWebElement$$EnhancerByCGLIB$$d27c0df4
	at org.openqa.selenium.support.PageFactory.proxyFields(PageFactory.java:117)
	at org.openqa.selenium.support.PageFactory.initElements(PageFactory.java:105)
	at com.keylessQE.BaseTest.<init>(BaseTest.java:59)
	at com.keyless.pages.Select_Home.<init>(Select_Home.java:15)
	at com.keylessQE.test.SelecthomeTest.beforeMethod(SelecthomeTest.java:58)
... Removed 31 stack frames]]>
        </failure>
    </testcase> <!-- @BeforeMethod beforeMethod -->
    <testcase name="@AfterMethod afterMethod" time="0.0" classname="com.keylessQE.test.SelecthomeTest">
        <skipped/>
    </testcase> <!-- @AfterMethod afterMethod -->
    <testcase name="@AfterClass afterClass" time="0.0" classname="com.keylessQE.test.SelecthomeTest">
        <skipped/>
    </testcase> <!-- @AfterClass afterClass -->
    <testcase name="invalidusername" time="0.006" classname="com.keylessQE.test.LoginTest">
        <skipped/>
    </testcase> <!-- invalidusername -->
    <testcase name="invalidPassword" time="0.001" classname="com.keylessQE.test.LoginTest">
        <skipped/>
    </testcase> <!-- invalidPassword -->
    <testcase name="Succsfull_Login" time="0.004" classname="com.keylessQE.test.LoginTest">
        <skipped/>
    </testcase> <!-- Succsfull_Login -->
    <testcase name="selectHome" time="0.004" classname="com.keylessQE.test.SelecthomeTest">
        <skipped/>
    </testcase> <!-- selectHome -->
</testsuite> <!-- Test -->
