<html>
<head>
    <title>TestNG: Test</title>
    <link href="../testng.css" rel="stylesheet" type="text/css"/>
    <link href="../my-testng.css" rel="stylesheet" type="text/css"/>

    <style type="text/css">
.log { display: none;} 
.stack-trace { display: none;} 



    </style>
    <script type="text/javascript">
<!--
function flip(e) {
  current = e.style.display;
  if (current == 'block') {
    e.style.display = 'none';
    return 0;
  }
  else {
    e.style.display = 'block';
    return 1;
  }
}

function toggleBox(szDivId, elem, msg1, msg2)
{
  var res = -1;  if (document.getElementById) {
    res = flip(document.getElementById(szDivId));
  }
  else if (document.all) {
    // this is the way old msie versions work
    res = flip(document.all[szDivId]);
  }
  if(elem) {
    if(res == 0) elem.innerHTML = msg1; else elem.innerHTML = msg2;
  }

}

function toggleAllBoxes() {
  if (document.getElementsByTagName) {
    d = document.getElementsByTagName('div');
    for (i = 0; i < d.length; i++) {
      if (d[i].className == 'log') {
        flip(d[i]);
      }
    }
  }
}

// -->



    </script>

</head>
<body>
<h2 align='center'>Test</h2>
<table align="center" border='1'>
    <tr>
        <td>Tests passed/Failed/Skipped:</td>
        <td>0/0/4</td>
    </tr>
    <tr>
        <td>Started on:</td>
        <td>Tue Dec 15 12:34:47 IST 2020</td>
    </tr>
    <tr>
        <td>Total time:</td>
        <td>0 seconds (429 ms)</td>
    </tr>
    <tr>
        <td>Included groups:</td>
        <td></td>
    </tr>
    <tr>
        <td>Excluded groups:</td>
        <td></td>
    </tr>
</table>
<p/>
<small><i>(Hover the method name to see the test class name)</i></small>
<p/>
<table border='1' class='invocation-failed' width='100%'>
    <tr>
        <td align='center' colspan='4'><b>FAILED CONFIGURATIONS</b></td>
    </tr>
    <tr>
        <td><b>Test method</b></td>
        <td width="30%"><b>Exception</b></td>
        <td width="10%"><b>Time (seconds)</b></td>
        <td><b>Instance</b></td>
    </tr>
    <tr>
        <td title='com.keylessQE.test.LoginTest.beforeTest()'><b>beforeTest</b><br>Test class:
            com.keylessQE.test.LoginTest
        </td>
        <td>
            <div><pre>org.testng.TestNGException:
Parameter &apos;platformName&apos; is required by @Configuration on method beforeTest but has not been marked @Optional or defined
in /Users/rakesh/git/Mobile_Automation/keyless/testng.xml
... Removed 20 stack frames</pre>
            </div>
            <a href='#'
               onClick='toggleBox("stack-trace246399377", this, "Click to show all stack frames", "Click to hide stack frames")'>Click
                to show all stack frames</a>
            <div class='stack-trace' id='stack-trace246399377'><pre>org.testng.TestNGException:
Parameter &apos;platformName&apos; is required by @Configuration on method beforeTest but has not been marked @Optional or defined
in /Users/rakesh/git/Mobile_Automation/keyless/testng.xml
	at org.testng.internal.Parameters.createParameters(Parameters.java:156)
	at org.testng.internal.Parameters.createParameters(Parameters.java:370)
	at org.testng.internal.Parameters.createConfigurationParameters(Parameters.java:86)
	at org.testng.internal.Invoker.invokeConfigurations(Invoker.java:202)
	at org.testng.internal.Invoker.invokeConfigurations(Invoker.java:143)
	at org.testng.TestRunner.beforeRun(TestRunner.java:631)
	at org.testng.TestRunner.run(TestRunner.java:599)
	at org.testng.SuiteRunner.runTest(SuiteRunner.java:368)
	at org.testng.SuiteRunner.runSequentially(SuiteRunner.java:363)
	at org.testng.SuiteRunner.privateRun(SuiteRunner.java:321)
	at org.testng.SuiteRunner.run(SuiteRunner.java:270)
	at org.testng.SuiteRunnerWorker.runSuite(SuiteRunnerWorker.java:52)
	at org.testng.SuiteRunnerWorker.run(SuiteRunnerWorker.java:86)
	at org.testng.TestNG.runSuitesSequentially(TestNG.java:1284)
	at org.testng.TestNG.runSuitesLocally(TestNG.java:1209)
	at org.testng.TestNG.runSuites(TestNG.java:1124)
	at org.testng.TestNG.run(TestNG.java:1096)
	at org.testng.remote.AbstractRemoteTestNG.run(AbstractRemoteTestNG.java:132)
	at org.testng.remote.RemoteTestNG.initAndRun(RemoteTestNG.java:236)
	at org.testng.remote.RemoteTestNG.main(RemoteTestNG.java:81)
</pre>
            </div>
        </td>
        <td>0</td>
        <td>null</td>
    </tr>
    <tr>
        <td title='com.keylessQE.test.SelecthomeTest.beforeMethod()'><b>beforeMethod</b><br>Test class:
            com.keylessQE.test.SelecthomeTest<br>Parameters: public void com.keylessQE.test.SelecthomeTest.selectHome()
        </td>
        <td>
            <div><pre>java.lang.IllegalArgumentException: Can not set io.appium.java_client.MobileElement field com.keyless.pages.Select_Home.SelectHome to org.openqa.selenium.remote.RemoteWebElement$$EnhancerByCGLIB$$d27c0df4
	at org.openqa.selenium.support.PageFactory.proxyFields(PageFactory.java:117)
	at org.openqa.selenium.support.PageFactory.initElements(PageFactory.java:105)
	at com.keylessQE.BaseTest.&lt;init&gt;(BaseTest.java:59)
	at com.keyless.pages.Select_Home.&lt;init&gt;(Select_Home.java:15)
	at com.keylessQE.test.SelecthomeTest.beforeMethod(SelecthomeTest.java:58)
... Removed 31 stack frames</pre>
            </div>
            <a href='#'
               onClick='toggleBox("stack-trace1125381564", this, "Click to show all stack frames", "Click to hide stack frames")'>Click
                to show all stack frames</a>
            <div class='stack-trace' id='stack-trace1125381564'><pre>java.lang.IllegalArgumentException: Can not set io.appium.java_client.MobileElement field com.keyless.pages.Select_Home.SelectHome to org.openqa.selenium.remote.RemoteWebElement$$EnhancerByCGLIB$$d27c0df4
	at sun.reflect.UnsafeFieldAccessorImpl.throwSetIllegalArgumentException(UnsafeFieldAccessorImpl.java:167)
	at sun.reflect.UnsafeFieldAccessorImpl.throwSetIllegalArgumentException(UnsafeFieldAccessorImpl.java:171)
	at sun.reflect.UnsafeObjectFieldAccessorImpl.set(UnsafeObjectFieldAccessorImpl.java:81)
	at java.lang.reflect.Field.set(Field.java:764)
	at org.openqa.selenium.support.PageFactory.proxyFields(PageFactory.java:117)
	at org.openqa.selenium.support.PageFactory.initElements(PageFactory.java:105)
	at com.keylessQE.BaseTest.&lt;init&gt;(BaseTest.java:59)
	at com.keyless.pages.Select_Home.&lt;init&gt;(Select_Home.java:15)
	at com.keylessQE.test.SelecthomeTest.beforeMethod(SelecthomeTest.java:58)
	at sun.reflect.NativeMethodAccessorImpl.invoke0(Native Method)
	at sun.reflect.NativeMethodAccessorImpl.invoke(NativeMethodAccessorImpl.java:62)
	at sun.reflect.DelegatingMethodAccessorImpl.invoke(DelegatingMethodAccessorImpl.java:43)
	at java.lang.reflect.Method.invoke(Method.java:498)
	at org.testng.internal.MethodInvocationHelper.invokeMethod(MethodInvocationHelper.java:100)
	at org.testng.internal.Invoker.invokeConfigurationMethod(Invoker.java:515)
	at org.testng.internal.Invoker.invokeConfigurations(Invoker.java:216)
	at org.testng.internal.Invoker.invokeMethod(Invoker.java:590)
	at org.testng.internal.Invoker.invokeTestMethod(Invoker.java:811)
	at org.testng.internal.Invoker.invokeTestMethods(Invoker.java:1137)
	at org.testng.internal.TestMethodWorker.invokeTestMethods(TestMethodWorker.java:129)
	at org.testng.internal.TestMethodWorker.run(TestMethodWorker.java:112)
	at org.testng.TestRunner.privateRun(TestRunner.java:753)
	at org.testng.TestRunner.run(TestRunner.java:607)
	at org.testng.SuiteRunner.runTest(SuiteRunner.java:368)
	at org.testng.SuiteRunner.runSequentially(SuiteRunner.java:363)
	at org.testng.SuiteRunner.privateRun(SuiteRunner.java:321)
	at org.testng.SuiteRunner.run(SuiteRunner.java:270)
	at org.testng.SuiteRunnerWorker.runSuite(SuiteRunnerWorker.java:52)
	at org.testng.SuiteRunnerWorker.run(SuiteRunnerWorker.java:86)
	at org.testng.TestNG.runSuitesSequentially(TestNG.java:1284)
	at org.testng.TestNG.runSuitesLocally(TestNG.java:1209)
	at org.testng.TestNG.runSuites(TestNG.java:1124)
	at org.testng.TestNG.run(TestNG.java:1096)
	at org.testng.remote.AbstractRemoteTestNG.run(AbstractRemoteTestNG.java:132)
	at org.testng.remote.RemoteTestNG.initAndRun(RemoteTestNG.java:236)
	at org.testng.remote.RemoteTestNG.main(RemoteTestNG.java:81)
</pre>
            </div>
        </td>
        <td>0</td>
        <td>com.keylessQE.test.SelecthomeTest@c46bcd4</td>
    </tr>
</table>
<p>
<table border='1' class='invocation-skipped' width='100%'>
    <tr>
        <td align='center' colspan='4'><b>SKIPPED CONFIGURATIONS</b></td>
    </tr>
    <tr>
        <td><b>Test method</b></td>
        <td width="30%"><b>Exception</b></td>
        <td width="10%"><b>Time (seconds)</b></td>
        <td><b>Instance</b></td>
    </tr>
    <tr>
        <td title='com.keylessQE.test.LoginTest.beforeClass()'><b>beforeClass</b><br>Test class:
            com.keylessQE.test.LoginTest
        </td>
        <td></td>
        <td>0</td>
        <td>com.keylessQE.test.LoginTest@42f93a98</td>
    </tr>
    <tr>
        <td title='com.keylessQE.test.LoginTest.beforeMethod()'><b>beforeMethod</b><br>Test class:
            com.keylessQE.test.LoginTest
        </td>
        <td></td>
        <td>0</td>
        <td>com.keylessQE.test.LoginTest@42f93a98</td>
    </tr>
    <tr>
        <td title='com.keylessQE.test.LoginTest.beforeMethod()'><b>beforeMethod</b><br>Test class:
            com.keylessQE.test.LoginTest
        </td>
        <td></td>
        <td>0</td>
        <td>com.keylessQE.test.LoginTest@42f93a98</td>
    </tr>
    <tr>
        <td title='com.keylessQE.test.LoginTest.beforeMethod()'><b>beforeMethod</b><br>Test class:
            com.keylessQE.test.LoginTest
        </td>
        <td></td>
        <td>0</td>
        <td>com.keylessQE.test.LoginTest@42f93a98</td>
    </tr>
    <tr>
        <td title='com.keylessQE.test.LoginTest.afterMethod()'><b>afterMethod</b><br>Test class:
            com.keylessQE.test.LoginTest
        </td>
        <td></td>
        <td>0</td>
        <td>com.keylessQE.test.LoginTest@42f93a98</td>
    </tr>
    <tr>
        <td title='com.keylessQE.test.LoginTest.afterMethod()'><b>afterMethod</b><br>Test class:
            com.keylessQE.test.LoginTest
        </td>
        <td></td>
        <td>0</td>
        <td>com.keylessQE.test.LoginTest@42f93a98</td>
    </tr>
    <tr>
        <td title='com.keylessQE.test.LoginTest.afterMethod()'><b>afterMethod</b><br>Test class:
            com.keylessQE.test.LoginTest
        </td>
        <td></td>
        <td>0</td>
        <td>com.keylessQE.test.LoginTest@42f93a98</td>
    </tr>
    <tr>
        <td title='com.keylessQE.test.SelecthomeTest.afterMethod()'><b>afterMethod</b><br>Test class:
            com.keylessQE.test.SelecthomeTest
        </td>
        <td></td>
        <td>0</td>
        <td>com.keylessQE.test.SelecthomeTest@c46bcd4</td>
    </tr>
    <tr>
        <td title='com.keylessQE.test.LoginTest.afterClass()'><b>afterClass</b><br>Test class:
            com.keylessQE.test.LoginTest
        </td>
        <td></td>
        <td>0</td>
        <td>com.keylessQE.test.LoginTest@42f93a98</td>
    </tr>
    <tr>
        <td title='com.keylessQE.test.SelecthomeTest.afterClass()'><b>afterClass</b><br>Test class:
            com.keylessQE.test.SelecthomeTest
        </td>
        <td></td>
        <td>0</td>
        <td>com.keylessQE.test.SelecthomeTest@c46bcd4</td>
    </tr>
</table>
<p>
<table border='1' class='invocation-skipped' width='100%'>
    <tr>
        <td align='center' colspan='4'><b>SKIPPED TESTS</b></td>
    </tr>
    <tr>
        <td><b>Test method</b></td>
        <td width="30%"><b>Exception</b></td>
        <td width="10%"><b>Time (seconds)</b></td>
        <td><b>Instance</b></td>
    </tr>
    <tr>
        <td title='com.keylessQE.test.LoginTest.Succsfull_Login()'><b>Succsfull_Login</b><br>Test class:
            com.keylessQE.test.LoginTest
        </td>
        <td></td>
        <td>0</td>
        <td>com.keylessQE.test.LoginTest@42f93a98</td>
    </tr>
    <tr>
        <td title='com.keylessQE.test.LoginTest.invalidPassword()'><b>invalidPassword</b><br>Test class:
            com.keylessQE.test.LoginTest
        </td>
        <td></td>
        <td>0</td>
        <td>com.keylessQE.test.LoginTest@42f93a98</td>
    </tr>
    <tr>
        <td title='com.keylessQE.test.LoginTest.invalidusername()'><b>invalidusername</b><br>Test class:
            com.keylessQE.test.LoginTest
        </td>
        <td></td>
        <td>0</td>
        <td>com.keylessQE.test.LoginTest@42f93a98</td>
    </tr>
    <tr>
        <td title='com.keylessQE.test.SelecthomeTest.selectHome()'><b>selectHome</b><br>Test class:
            com.keylessQE.test.SelecthomeTest
        </td>
        <td></td>
        <td>0</td>
        <td>com.keylessQE.test.SelecthomeTest@c46bcd4</td>
    </tr>
</table>
<p>
</body>
</html>