<?xml version="1.0" encoding="UTF-8"?>
<!-- Generated by org.testng.reporters.JUnitXMLReporter -->
<testsuite hostname="Harsha.local" ignored="2" name="Samsung" tests="3" failures="0" timestamp="2021-06-01T09:43:46 IST"
           time="0.459" errors="0">
    <testcase name="@BeforeTest beforeTest" time="-1.622520826426E9" classname="com.keylessQE.BaseTest">
        <failure type="org.testng.TestNGException" message="
Parameter &amp;apos;deviceName&amp;apos; is required by BeforeTest on method beforeTest but has not been marked @Optional or defined
in /Users/rentlycoimbatore/eclipse-workspace/keyless/keyless/testng.xml">
            <![CDATA[org.testng.TestNGException:
Parameter 'deviceName' is required by BeforeTest on method beforeTest but has not been marked @Optional or defined
in /Users/rentlycoimbatore/eclipse-workspace/keyless/keyless/testng.xml
at java.util.concurrent.FutureTask.run(FutureTask.java:266)
at java.util.concurrent.ThreadPoolExecutor.runWorker(ThreadPoolExecutor.java:1149)
at java.util.concurrent.ThreadPoolExecutor$Worker.run(ThreadPoolExecutor.java:624)
at java.lang.Thread.run(Thread.java:748)
... Removed 12 stack frames]]>
        </failure>
    </testcase> <!-- @BeforeTest beforeTest -->
    <testcase name="@BeforeClass beforeClass" time="-1.622520826461E9" classname="com.keylessQE.test.LoginTest">
        <skipped/>
    </testcase> <!-- @BeforeClass beforeClass -->
    <testcase name="@BeforeMethod beforeMethod" time="-1.622520826478E9" classname="com.keylessQE.BaseTest">
        <skipped/>
    </testcase> <!-- @BeforeMethod beforeMethod -->
    <testcase name="@BeforeMethod beforeMethod" time="-1.622520826479E9" classname="com.keylessQE.test.LoginTest">
        <skipped/>
    </testcase> <!-- @BeforeMethod beforeMethod -->
    <testcase name="@AfterMethod afterMethod" time="-1.622520826649E9" classname="com.keylessQE.BaseTest">
        <skipped/>
    </testcase> <!-- @AfterMethod afterMethod -->
    <testcase name="@BeforeClass beforeClass" time="-1.622520826656E9" classname="com.keylessQE.test.SelecthomeTest">
        <skipped/>
    </testcase> <!-- @BeforeClass beforeClass -->
    <testcase name="@BeforeMethod beforeMethod" time="-1.622520826658E9" classname="com.keylessQE.BaseTest">
        <skipped/>
    </testcase> <!-- @BeforeMethod beforeMethod -->
    <testcase name="@BeforeMethod beforeMethod" time="-1.622520826661E9" classname="com.keylessQE.test.SelecthomeTest">
        <skipped/>
    </testcase> <!-- @BeforeMethod beforeMethod -->
    <testcase name="@AfterMethod afterMethod" time="-1.62252082667E9" classname="com.keylessQE.test.SelecthomeTest">
        <skipped/>
    </testcase> <!-- @AfterMethod afterMethod -->
    <testcase name="@AfterMethod afterMethod" time="-1.622520826671E9" classname="com.keylessQE.BaseTest">
        <skipped/>
    </testcase> <!-- @AfterMethod afterMethod -->
    <testcase name="@AfterClass afterClass" time="-1.622520826676E9" classname="com.keylessQE.test.SelecthomeTest">
        <skipped/>
    </testcase> <!-- @AfterClass afterClass -->
    <testcase name="@BeforeMethod beforeMethod" time="0.168" classname="com.keylessQE.test.LockDetailTest">
        <failure type="java.lang.IllegalArgumentException"
                 message="Can not set io.appium.java_client.MobileElement field com.keyless.pages.LockDtlPage.enter_LockDtlpage to org.openqa.selenium.remote.RemoteWebElement$$EnhancerByCGLIB$$d27c0df4">
            <![CDATA[java.lang.IllegalArgumentException: Can not set io.appium.java_client.MobileElement field com.keyless.pages.LockDtlPage.enter_LockDtlpage to org.openqa.selenium.remote.RemoteWebElement$$EnhancerByCGLIB$$d27c0df4
at org.openqa.selenium.support.PageFactory.proxyFields(PageFactory.java:117)
at org.openqa.selenium.support.PageFactory.initElements(PageFactory.java:105)
at com.keylessQE.BaseTest.<init>(BaseTest.java:142)
at com.keyless.pages.LockDtlPage.<init>(LockDtlPage.java:15)
at com.keylessQE.test.LockDetailTest.beforeMethod(LockDetailTest.java:55)
at java.util.ArrayList.forEach(ArrayList.java:1257)
at java.util.concurrent.FutureTask.run(FutureTask.java:266)
at java.util.concurrent.ThreadPoolExecutor.runWorker(ThreadPoolExecutor.java:1149)
at java.util.concurrent.ThreadPoolExecutor$Worker.run(ThreadPoolExecutor.java:624)
at java.lang.Thread.run(Thread.java:748)
... Removed 26 stack frames]]>
        </failure>
    </testcase> <!-- @BeforeMethod beforeMethod -->
    <testcase name="@AfterMethod afterMethod" time="-1.622520826872E9" classname="com.keylessQE.test.LockDetailTest">
        <skipped/>
    </testcase> <!-- @AfterMethod afterMethod -->
    <testcase name="@AfterClass afterClass" time="-1.622520826876E9" classname="com.keylessQE.test.LockDetailTest">
        <skipped/>
    </testcase> <!-- @AfterClass afterClass -->
    <testcase name="Succsfull_Login" time="0.0" classname="com.keylessQE.test.LoginTest">
        <skipped/>
    </testcase> <!-- Succsfull_Login -->
    <testcase name="selectHome" time="0.0" classname="com.keylessQE.test.SelecthomeTest">
        <skipped/>
    </testcase> <!-- selectHome -->
    <testcase name="lockUnlock" time="0.0" classname="com.keylessQE.test.LockDetailTest">
        <skipped/>
    </testcase> <!-- lockUnlock -->
    <testcase name="@BeforeTest beforeTest" time="0.0" classname="com.keylessQE.BaseTest">
        <ignored/>
    </testcase> <!-- @BeforeTest beforeTest -->
    <testcase name="@AfterSuite afterTest" time="0.0" classname="com.keylessQE.BaseTest">
        <ignored/>
    </testcase> <!-- @AfterSuite afterTest -->
</testsuite> <!-- Samsung -->
