<html>
<head>
    <title>TestNG: Samsung</title>
    <link href="../testng.css" rel="stylesheet" type="text/css"/>
    <link href="../my-testng.css" rel="stylesheet" type="text/css"/>

    <style type="text/css">
.log { display: none;} 
.stack-trace { display: none;} 



    </style>
    <script type="text/javascript">
<!--
function flip(e) {
  current = e.style.display;
  if (current == 'block') {
    e.style.display = 'none';
    return 0;
  }
  else {
    e.style.display = 'block';
    return 1;
  }
}

function toggleBox(szDivId, elem, msg1, msg2)
{
  var res = -1;  if (document.getElementById) {
    res = flip(document.getElementById(szDivId));
  }
  else if (document.all) {
    // this is the way old msie versions work
    res = flip(document.all[szDivId]);
  }
  if(elem) {
    if(res == 0) elem.innerHTML = msg1; else elem.innerHTML = msg2;
  }

}

function toggleAllBoxes() {
  if (document.getElementsByTagName) {
    d = document.getElementsByTagName('div');
    for (i = 0; i < d.length; i++) {
      if (d[i].className == 'log') {
        flip(d[i]);
      }
    }
  }
}

// -->



    </script>

</head>
<body>
<h2 align='center'>Samsung</h2>
<table align="center" border='1'>
    <tr>
        <td>Tests passed/Failed/Skipped:</td>
        <td>0/0/3</td>
    </tr>
    <tr>
        <td>Started on:</td>
        <td>Tue Jun 01 09:43:46 IST 2021</td>
    </tr>
    <tr>
        <td>Total time:</td>
        <td>0 seconds (459 ms)</td>
    </tr>
    <tr>
        <td>Included groups:</td>
        <td></td>
    </tr>
    <tr>
        <td>Excluded groups:</td>
        <td></td>
    </tr>
</table>
<p/>
<small><i>(Hover the method name to see the test class name)</i></small>
<p/>
<table border='1' class='invocation-failed' width='100%'>
    <tr>
        <td align='center' colspan='4'><b>FAILED CONFIGURATIONS</b></td>
    </tr>
    <tr>
        <td><b>Test method</b></td>
        <td width="30%"><b>Exception</b></td>
        <td width="10%"><b>Time (seconds)</b></td>
        <td><b>Instance</b></td>
    </tr>
    <tr>
        <td title='com.keylessQE.test.LockDetailTest.beforeMethod()'><b>beforeMethod</b><br>Test class:
            com.keylessQE.test.LockDetailTest<br>Parameters: public void com.keylessQE.test.LockDetailTest.lockUnlock()
            throws java.lang.Exception
        </td>
        <td>
            <div><pre>java.lang.IllegalArgumentException: Can not set io.appium.java_client.MobileElement field com.keyless.pages.LockDtlPage.enter_LockDtlpage to org.openqa.selenium.remote.RemoteWebElement$$EnhancerByCGLIB$$d27c0df4
	at org.openqa.selenium.support.PageFactory.proxyFields(PageFactory.java:117)
	at org.openqa.selenium.support.PageFactory.initElements(PageFactory.java:105)
	at com.keylessQE.BaseTest.&lt;init&gt;(BaseTest.java:142)
	at com.keyless.pages.LockDtlPage.&lt;init&gt;(LockDtlPage.java:15)
	at com.keylessQE.test.LockDetailTest.beforeMethod(LockDetailTest.java:55)
	at java.util.ArrayList.forEach(ArrayList.java:1257)
	at java.util.concurrent.FutureTask.run(FutureTask.java:266)
	at java.util.concurrent.ThreadPoolExecutor.runWorker(ThreadPoolExecutor.java:1149)
	at java.util.concurrent.ThreadPoolExecutor$Worker.run(ThreadPoolExecutor.java:624)
	at java.lang.Thread.run(Thread.java:748)
... Removed 26 stack frames</pre>
            </div>
            <a href='#'
               onClick='toggleBox("stack-trace1628297343", this, "Click to show all stack frames", "Click to hide stack frames")'>Click
                to show all stack frames</a>
            <div class='stack-trace' id='stack-trace1628297343'><pre>java.lang.IllegalArgumentException: Can not set io.appium.java_client.MobileElement field com.keyless.pages.LockDtlPage.enter_LockDtlpage to org.openqa.selenium.remote.RemoteWebElement$$EnhancerByCGLIB$$d27c0df4
	at sun.reflect.UnsafeFieldAccessorImpl.throwSetIllegalArgumentException(UnsafeFieldAccessorImpl.java:167)
	at sun.reflect.UnsafeFieldAccessorImpl.throwSetIllegalArgumentException(UnsafeFieldAccessorImpl.java:171)
	at sun.reflect.UnsafeObjectFieldAccessorImpl.set(UnsafeObjectFieldAccessorImpl.java:81)
	at java.lang.reflect.Field.set(Field.java:764)
	at org.openqa.selenium.support.PageFactory.proxyFields(PageFactory.java:117)
	at org.openqa.selenium.support.PageFactory.initElements(PageFactory.java:105)
	at com.keylessQE.BaseTest.&lt;init&gt;(BaseTest.java:142)
	at com.keyless.pages.LockDtlPage.&lt;init&gt;(LockDtlPage.java:15)
	at com.keylessQE.test.LockDetailTest.beforeMethod(LockDetailTest.java:55)
	at sun.reflect.NativeMethodAccessorImpl.invoke0(Native Method)
	at sun.reflect.NativeMethodAccessorImpl.invoke(NativeMethodAccessorImpl.java:62)
	at sun.reflect.DelegatingMethodAccessorImpl.invoke(DelegatingMethodAccessorImpl.java:43)
	at java.lang.reflect.Method.invoke(Method.java:498)
	at org.testng.internal.MethodInvocationHelper.invokeMethod(MethodInvocationHelper.java:133)
	at org.testng.internal.MethodInvocationHelper.invokeMethodConsideringTimeout(MethodInvocationHelper.java:62)
	at org.testng.internal.ConfigInvoker.invokeConfigurationMethod(ConfigInvoker.java:385)
	at org.testng.internal.ConfigInvoker.invokeConfigurations(ConfigInvoker.java:321)
	at org.testng.internal.TestInvoker.runConfigMethods(TestInvoker.java:700)
	at org.testng.internal.TestInvoker.invokeMethod(TestInvoker.java:527)
	at org.testng.internal.TestInvoker.invokeTestMethod(TestInvoker.java:173)
	at org.testng.internal.MethodRunner.runInSequence(MethodRunner.java:46)
	at org.testng.internal.TestInvoker$MethodInvocationAgent.invoke(TestInvoker.java:824)
	at org.testng.internal.TestInvoker.invokeTestMethods(TestInvoker.java:146)
	at org.testng.internal.TestMethodWorker.invokeTestMethods(TestMethodWorker.java:146)
	at org.testng.internal.TestMethodWorker.run(TestMethodWorker.java:128)
	at java.util.ArrayList.forEach(ArrayList.java:1257)
	at org.testng.TestRunner.privateRun(TestRunner.java:794)
	at org.testng.TestRunner.run(TestRunner.java:596)
	at org.testng.SuiteRunner.runTest(SuiteRunner.java:377)
	at org.testng.SuiteRunner.access$000(SuiteRunner.java:28)
	at org.testng.SuiteRunner$SuiteWorker.run(SuiteRunner.java:418)
	at org.testng.internal.thread.ThreadUtil.lambda$execute$0(ThreadUtil.java:64)
	at java.util.concurrent.FutureTask.run(FutureTask.java:266)
	at java.util.concurrent.ThreadPoolExecutor.runWorker(ThreadPoolExecutor.java:1149)
	at java.util.concurrent.ThreadPoolExecutor$Worker.run(ThreadPoolExecutor.java:624)
	at java.lang.Thread.run(Thread.java:748)
</pre>
            </div>
        </td>
        <td>0</td>
        <td>com.keylessQE.test.LockDetailTest@2ed2d9cb</td>
    </tr>
    <tr>
        <td title='com.keylessQE.test.LoginTest.beforeTest()'><b>beforeTest</b><br>Test class:
            com.keylessQE.test.LoginTest
        </td>
        <td>
            <div><pre>org.testng.TestNGException:
Parameter &apos;deviceName&apos; is required by BeforeTest on method beforeTest but has not been marked @Optional or defined
in /Users/rentlycoimbatore/eclipse-workspace/keyless/keyless/testng.xml
	at java.util.concurrent.FutureTask.run(FutureTask.java:266)
	at java.util.concurrent.ThreadPoolExecutor.runWorker(ThreadPoolExecutor.java:1149)
	at java.util.concurrent.ThreadPoolExecutor$Worker.run(ThreadPoolExecutor.java:624)
	at java.lang.Thread.run(Thread.java:748)
... Removed 12 stack frames</pre>
            </div>
            <a href='#'
               onClick='toggleBox("stack-trace566318462", this, "Click to show all stack frames", "Click to hide stack frames")'>Click
                to show all stack frames</a>
            <div class='stack-trace' id='stack-trace566318462'><pre>org.testng.TestNGException:
Parameter &apos;deviceName&apos; is required by BeforeTest on method beforeTest but has not been marked @Optional or defined
in /Users/rentlycoimbatore/eclipse-workspace/keyless/keyless/testng.xml
	at org.testng.internal.Parameters.createParams(Parameters.java:270)
	at org.testng.internal.Parameters.createParametersForMethod(Parameters.java:358)
	at org.testng.internal.Parameters.createParameters(Parameters.java:700)
	at org.testng.internal.Parameters.createConfigurationParameters(Parameters.java:168)
	at org.testng.internal.ConfigInvoker.invokeConfigurations(ConfigInvoker.java:302)
	at org.testng.TestRunner.invokeTestConfigurations(TestRunner.java:637)
	at org.testng.TestRunner.beforeRun(TestRunner.java:627)
	at org.testng.TestRunner.run(TestRunner.java:589)
	at org.testng.SuiteRunner.runTest(SuiteRunner.java:377)
	at org.testng.SuiteRunner.access$000(SuiteRunner.java:28)
	at org.testng.SuiteRunner$SuiteWorker.run(SuiteRunner.java:418)
	at org.testng.internal.thread.ThreadUtil.lambda$execute$0(ThreadUtil.java:64)
	at java.util.concurrent.FutureTask.run(FutureTask.java:266)
	at java.util.concurrent.ThreadPoolExecutor.runWorker(ThreadPoolExecutor.java:1149)
	at java.util.concurrent.ThreadPoolExecutor$Worker.run(ThreadPoolExecutor.java:624)
	at java.lang.Thread.run(Thread.java:748)
</pre>
            </div>
        </td>
        <td>-1622520826</td>
        <td>com.keylessQE.test.LoginTest@21e360a</td>
    </tr>
</table>
<p>
<table border='1' class='invocation-skipped' width='100%'>
    <tr>
        <td align='center' colspan='4'><b>SKIPPED CONFIGURATIONS</b></td>
    </tr>
    <tr>
        <td><b>Test method</b></td>
        <td width="30%"><b>Exception</b></td>
        <td width="10%"><b>Time (seconds)</b></td>
        <td><b>Instance</b></td>
    </tr>
    <tr>
        <td title='com.keylessQE.test.SelecthomeTest.beforeMethod()'><b>beforeMethod</b><br>Test class:
            com.keylessQE.test.SelecthomeTest
        </td>
        <td></td>
        <td>-1622520826</td>
        <td>com.keylessQE.test.SelecthomeTest@6392827e</td>
    </tr>
    <tr>
        <td title='com.keylessQE.test.SelecthomeTest.afterMethod()'><b>afterMethod</b><br>Test class:
            com.keylessQE.test.SelecthomeTest
        </td>
        <td></td>
        <td>-1622520826</td>
        <td>com.keylessQE.test.SelecthomeTest@6392827e</td>
    </tr>
    <tr>
        <td title='com.keylessQE.test.LoginTest.beforeMethod()'><b>beforeMethod</b><br>Test class:
            com.keylessQE.test.LoginTest
        </td>
        <td></td>
        <td>-1622520826</td>
        <td>com.keylessQE.test.LoginTest@21e360a</td>
    </tr>
    <tr>
        <td title='com.keylessQE.test.LockDetailTest.afterClass()'><b>afterClass</b><br>Test class:
            com.keylessQE.test.LockDetailTest
        </td>
        <td></td>
        <td>-1622520826</td>
        <td>com.keylessQE.test.LockDetailTest@2ed2d9cb</td>
    </tr>
    <tr>
        <td title='com.keylessQE.test.LoginTest.beforeClass()'><b>beforeClass</b><br>Test class:
            com.keylessQE.test.LoginTest
        </td>
        <td></td>
        <td>-1622520826</td>
        <td>com.keylessQE.test.LoginTest@21e360a</td>
    </tr>
    <tr>
        <td title='com.keylessQE.test.LoginTest.afterMethod()'><b>afterMethod</b><br>Test class:
            com.keylessQE.test.LoginTest
        </td>
        <td></td>
        <td>-1622520826</td>
        <td>com.keylessQE.test.LoginTest@21e360a</td>
    </tr>
    <tr>
        <td title='com.keylessQE.test.SelecthomeTest.beforeMethod()'><b>beforeMethod</b><br>Test class:
            com.keylessQE.test.SelecthomeTest
        </td>
        <td></td>
        <td>-1622520826</td>
        <td>com.keylessQE.test.SelecthomeTest@6392827e</td>
    </tr>
    <tr>
        <td title='com.keylessQE.test.SelecthomeTest.afterMethod()'><b>afterMethod</b><br>Test class:
            com.keylessQE.test.SelecthomeTest
        </td>
        <td></td>
        <td>-1622520826</td>
        <td>com.keylessQE.test.SelecthomeTest@6392827e</td>
    </tr>
    <tr>
        <td title='com.keylessQE.test.LoginTest.beforeMethod()'><b>beforeMethod</b><br>Test class:
            com.keylessQE.test.LoginTest
        </td>
        <td></td>
        <td>-1622520826</td>
        <td>com.keylessQE.test.LoginTest@21e360a</td>
    </tr>
    <tr>
        <td title='com.keylessQE.test.SelecthomeTest.afterClass()'><b>afterClass</b><br>Test class:
            com.keylessQE.test.SelecthomeTest
        </td>
        <td></td>
        <td>-1622520826</td>
        <td>com.keylessQE.test.SelecthomeTest@6392827e</td>
    </tr>
    <tr>
        <td title='com.keylessQE.test.LockDetailTest.afterMethod()'><b>afterMethod</b><br>Test class:
            com.keylessQE.test.LockDetailTest
        </td>
        <td></td>
        <td>-1622520826</td>
        <td>com.keylessQE.test.LockDetailTest@2ed2d9cb</td>
    </tr>
    <tr>
        <td title='com.keylessQE.test.SelecthomeTest.beforeClass()'><b>beforeClass</b><br>Test class:
            com.keylessQE.test.SelecthomeTest
        </td>
        <td></td>
        <td>-1622520826</td>
        <td>com.keylessQE.test.SelecthomeTest@6392827e</td>
    </tr>
</table>
<p>
<table border='1' class='invocation-skipped' width='100%'>
    <tr>
        <td align='center' colspan='4'><b>SKIPPED TESTS</b></td>
    </tr>
    <tr>
        <td><b>Test method</b></td>
        <td width="30%"><b>Exception</b></td>
        <td width="10%"><b>Time (seconds)</b></td>
        <td><b>Instance</b></td>
    </tr>
    <tr>
        <td title='com.keylessQE.test.LoginTest.Succsfull_Login()'><b>Succsfull_Login</b><br>Test class:
            com.keylessQE.test.LoginTest
        </td>
        <td>
            <div><pre>org.testng.TestNGException:
Parameter &apos;deviceName&apos; is required by BeforeTest on method beforeTest but has not been marked @Optional or defined
in /Users/rentlycoimbatore/eclipse-workspace/keyless/keyless/testng.xml
	at java.util.concurrent.FutureTask.run(FutureTask.java:266)
	at java.util.concurrent.ThreadPoolExecutor.runWorker(ThreadPoolExecutor.java:1149)
	at java.util.concurrent.ThreadPoolExecutor$Worker.run(ThreadPoolExecutor.java:624)
	at java.lang.Thread.run(Thread.java:748)
... Removed 12 stack frames</pre>
            </div>
            <a href='#'
               onClick='toggleBox("stack-trace1827932613", this, "Click to show all stack frames", "Click to hide stack frames")'>Click
                to show all stack frames</a>
            <div class='stack-trace' id='stack-trace1827932613'><pre>org.testng.TestNGException:
Parameter &apos;deviceName&apos; is required by BeforeTest on method beforeTest but has not been marked @Optional or defined
in /Users/rentlycoimbatore/eclipse-workspace/keyless/keyless/testng.xml
	at org.testng.internal.Parameters.createParams(Parameters.java:270)
	at org.testng.internal.Parameters.createParametersForMethod(Parameters.java:358)
	at org.testng.internal.Parameters.createParameters(Parameters.java:700)
	at org.testng.internal.Parameters.createConfigurationParameters(Parameters.java:168)
	at org.testng.internal.ConfigInvoker.invokeConfigurations(ConfigInvoker.java:302)
	at org.testng.TestRunner.invokeTestConfigurations(TestRunner.java:637)
	at org.testng.TestRunner.beforeRun(TestRunner.java:627)
	at org.testng.TestRunner.run(TestRunner.java:589)
	at org.testng.SuiteRunner.runTest(SuiteRunner.java:377)
	at org.testng.SuiteRunner.access$000(SuiteRunner.java:28)
	at org.testng.SuiteRunner$SuiteWorker.run(SuiteRunner.java:418)
	at org.testng.internal.thread.ThreadUtil.lambda$execute$0(ThreadUtil.java:64)
	at java.util.concurrent.FutureTask.run(FutureTask.java:266)
	at java.util.concurrent.ThreadPoolExecutor.runWorker(ThreadPoolExecutor.java:1149)
	at java.util.concurrent.ThreadPoolExecutor$Worker.run(ThreadPoolExecutor.java:624)
	at java.lang.Thread.run(Thread.java:748)
</pre>
            </div>
        </td>
        <td>0</td>
        <td>com.keylessQE.test.LoginTest@21e360a</td>
    </tr>
    <tr>
        <td title='com.keylessQE.test.LockDetailTest.lockUnlock()'><b>lockUnlock</b><br>Test class:
            com.keylessQE.test.LockDetailTest
        </td>
        <td>
            <div><pre>java.lang.IllegalArgumentException: Can not set io.appium.java_client.MobileElement field com.keyless.pages.LockDtlPage.enter_LockDtlpage to org.openqa.selenium.remote.RemoteWebElement$$EnhancerByCGLIB$$d27c0df4
	at org.openqa.selenium.support.PageFactory.proxyFields(PageFactory.java:117)
	at org.openqa.selenium.support.PageFactory.initElements(PageFactory.java:105)
	at com.keylessQE.BaseTest.&lt;init&gt;(BaseTest.java:142)
	at com.keyless.pages.LockDtlPage.&lt;init&gt;(LockDtlPage.java:15)
	at com.keylessQE.test.LockDetailTest.beforeMethod(LockDetailTest.java:55)
	at java.util.ArrayList.forEach(ArrayList.java:1257)
	at java.util.concurrent.FutureTask.run(FutureTask.java:266)
	at java.util.concurrent.ThreadPoolExecutor.runWorker(ThreadPoolExecutor.java:1149)
	at java.util.concurrent.ThreadPoolExecutor$Worker.run(ThreadPoolExecutor.java:624)
	at java.lang.Thread.run(Thread.java:748)
... Removed 26 stack frames</pre>
            </div>
            <a href='#'
               onClick='toggleBox("stack-trace782189419", this, "Click to show all stack frames", "Click to hide stack frames")'>Click
                to show all stack frames</a>
            <div class='stack-trace' id='stack-trace782189419'><pre>java.lang.IllegalArgumentException: Can not set io.appium.java_client.MobileElement field com.keyless.pages.LockDtlPage.enter_LockDtlpage to org.openqa.selenium.remote.RemoteWebElement$$EnhancerByCGLIB$$d27c0df4
	at sun.reflect.UnsafeFieldAccessorImpl.throwSetIllegalArgumentException(UnsafeFieldAccessorImpl.java:167)
	at sun.reflect.UnsafeFieldAccessorImpl.throwSetIllegalArgumentException(UnsafeFieldAccessorImpl.java:171)
	at sun.reflect.UnsafeObjectFieldAccessorImpl.set(UnsafeObjectFieldAccessorImpl.java:81)
	at java.lang.reflect.Field.set(Field.java:764)
	at org.openqa.selenium.support.PageFactory.proxyFields(PageFactory.java:117)
	at org.openqa.selenium.support.PageFactory.initElements(PageFactory.java:105)
	at com.keylessQE.BaseTest.&lt;init&gt;(BaseTest.java:142)
	at com.keyless.pages.LockDtlPage.&lt;init&gt;(LockDtlPage.java:15)
	at com.keylessQE.test.LockDetailTest.beforeMethod(LockDetailTest.java:55)
	at sun.reflect.NativeMethodAccessorImpl.invoke0(Native Method)
	at sun.reflect.NativeMethodAccessorImpl.invoke(NativeMethodAccessorImpl.java:62)
	at sun.reflect.DelegatingMethodAccessorImpl.invoke(DelegatingMethodAccessorImpl.java:43)
	at java.lang.reflect.Method.invoke(Method.java:498)
	at org.testng.internal.MethodInvocationHelper.invokeMethod(MethodInvocationHelper.java:133)
	at org.testng.internal.MethodInvocationHelper.invokeMethodConsideringTimeout(MethodInvocationHelper.java:62)
	at org.testng.internal.ConfigInvoker.invokeConfigurationMethod(ConfigInvoker.java:385)
	at org.testng.internal.ConfigInvoker.invokeConfigurations(ConfigInvoker.java:321)
	at org.testng.internal.TestInvoker.runConfigMethods(TestInvoker.java:700)
	at org.testng.internal.TestInvoker.invokeMethod(TestInvoker.java:527)
	at org.testng.internal.TestInvoker.invokeTestMethod(TestInvoker.java:173)
	at org.testng.internal.MethodRunner.runInSequence(MethodRunner.java:46)
	at org.testng.internal.TestInvoker$MethodInvocationAgent.invoke(TestInvoker.java:824)
	at org.testng.internal.TestInvoker.invokeTestMethods(TestInvoker.java:146)
	at org.testng.internal.TestMethodWorker.invokeTestMethods(TestMethodWorker.java:146)
	at org.testng.internal.TestMethodWorker.run(TestMethodWorker.java:128)
	at java.util.ArrayList.forEach(ArrayList.java:1257)
	at org.testng.TestRunner.privateRun(TestRunner.java:794)
	at org.testng.TestRunner.run(TestRunner.java:596)
	at org.testng.SuiteRunner.runTest(SuiteRunner.java:377)
	at org.testng.SuiteRunner.access$000(SuiteRunner.java:28)
	at org.testng.SuiteRunner$SuiteWorker.run(SuiteRunner.java:418)
	at org.testng.internal.thread.ThreadUtil.lambda$execute$0(ThreadUtil.java:64)
	at java.util.concurrent.FutureTask.run(FutureTask.java:266)
	at java.util.concurrent.ThreadPoolExecutor.runWorker(ThreadPoolExecutor.java:1149)
	at java.util.concurrent.ThreadPoolExecutor$Worker.run(ThreadPoolExecutor.java:624)
	at java.lang.Thread.run(Thread.java:748)
</pre>
            </div>
        </td>
        <td>0</td>
        <td>com.keylessQE.test.LockDetailTest@2ed2d9cb</td>
    </tr>
    <tr>
        <td title='com.keylessQE.test.SelecthomeTest.selectHome()'><b>selectHome</b><br>Test class:
            com.keylessQE.test.SelecthomeTest
        </td>
        <td>
            <div><pre>org.testng.TestNGException:
Parameter &apos;deviceName&apos; is required by BeforeTest on method beforeTest but has not been marked @Optional or defined
in /Users/rentlycoimbatore/eclipse-workspace/keyless/keyless/testng.xml
	at java.util.concurrent.FutureTask.run(FutureTask.java:266)
	at java.util.concurrent.ThreadPoolExecutor.runWorker(ThreadPoolExecutor.java:1149)
	at java.util.concurrent.ThreadPoolExecutor$Worker.run(ThreadPoolExecutor.java:624)
	at java.lang.Thread.run(Thread.java:748)
... Removed 12 stack frames</pre>
            </div>
            <a href='#'
               onClick='toggleBox("stack-trace1989337740", this, "Click to show all stack frames", "Click to hide stack frames")'>Click
                to show all stack frames</a>
            <div class='stack-trace' id='stack-trace1989337740'><pre>org.testng.TestNGException:
Parameter &apos;deviceName&apos; is required by BeforeTest on method beforeTest but has not been marked @Optional or defined
in /Users/rentlycoimbatore/eclipse-workspace/keyless/keyless/testng.xml
	at org.testng.internal.Parameters.createParams(Parameters.java:270)
	at org.testng.internal.Parameters.createParametersForMethod(Parameters.java:358)
	at org.testng.internal.Parameters.createParameters(Parameters.java:700)
	at org.testng.internal.Parameters.createConfigurationParameters(Parameters.java:168)
	at org.testng.internal.ConfigInvoker.invokeConfigurations(ConfigInvoker.java:302)
	at org.testng.TestRunner.invokeTestConfigurations(TestRunner.java:637)
	at org.testng.TestRunner.beforeRun(TestRunner.java:627)
	at org.testng.TestRunner.run(TestRunner.java:589)
	at org.testng.SuiteRunner.runTest(SuiteRunner.java:377)
	at org.testng.SuiteRunner.access$000(SuiteRunner.java:28)
	at org.testng.SuiteRunner$SuiteWorker.run(SuiteRunner.java:418)
	at org.testng.internal.thread.ThreadUtil.lambda$execute$0(ThreadUtil.java:64)
	at java.util.concurrent.FutureTask.run(FutureTask.java:266)
	at java.util.concurrent.ThreadPoolExecutor.runWorker(ThreadPoolExecutor.java:1149)
	at java.util.concurrent.ThreadPoolExecutor$Worker.run(ThreadPoolExecutor.java:624)
	at java.lang.Thread.run(Thread.java:748)
</pre>
            </div>
        </td>
        <td>0</td>
        <td>com.keylessQE.test.SelecthomeTest@6392827e</td>
    </tr>
</table>
<p>
</body>
</html>