<?xml version="1.0" encoding="UTF-8"?>
<!-- Generated by org.testng.reporters.JUnitReportReporter -->
<testsuite skipped="0" hostname="Harsha.local" name="com.keylessQE.test.AccountTab.ChangePasswordTest" tests="3"
           failures="3" timestamp="2021-06-06T23:12:52 IST" time="21.868" errors="0">
    <testcase name="requiredPasswords" time="11.536" classname="com.keylessQE.test.AccountTab.ChangePasswordTest">
        <failure type="java.lang.AssertionError" message="The following asserts failed:
	expected [Change Password] but found [• Required]">
            <![CDATA[java.lang.AssertionError: The following asserts failed:
expected [Change Password] but found [• Required]
at org.testng.asserts.SoftAssert.assertAll(SoftAssert.java:47)
at org.testng.asserts.SoftAssert.assertAll(SoftAssert.java:31)
at com.keyless.AccountTab.ChangePassword.requiredOldPassword(ChangePassword.java:123)
at com.keylessQE.test.AccountTab.ChangePasswordTest.requiredPasswords(ChangePasswordTest.java:54)
at sun.reflect.NativeMethodAccessorImpl.invoke0(Native Method)
at sun.reflect.NativeMethodAccessorImpl.invoke(NativeMethodAccessorImpl.java:62)
at sun.reflect.DelegatingMethodAccessorImpl.invoke(DelegatingMethodAccessorImpl.java:43)
at java.lang.reflect.Method.invoke(Method.java:498)
at org.testng.internal.MethodInvocationHelper.invokeMethod(MethodInvocationHelper.java:133)
at org.testng.internal.TestInvoker.invokeMethod(TestInvoker.java:598)
at org.testng.internal.TestInvoker.invokeTestMethod(TestInvoker.java:173)
at org.testng.internal.MethodRunner.runInSequence(MethodRunner.java:46)
at org.testng.internal.TestInvoker$MethodInvocationAgent.invoke(TestInvoker.java:824)
at org.testng.internal.TestInvoker.invokeTestMethods(TestInvoker.java:146)
at org.testng.internal.TestMethodWorker.invokeTestMethods(TestMethodWorker.java:146)
at org.testng.internal.TestMethodWorker.run(TestMethodWorker.java:128)
at java.util.ArrayList.forEach(ArrayList.java:1257)
at org.testng.TestRunner.privateRun(TestRunner.java:794)
at org.testng.TestRunner.run(TestRunner.java:596)
at org.testng.SuiteRunner.runTest(SuiteRunner.java:377)
at org.testng.SuiteRunner.access$000(SuiteRunner.java:28)
at org.testng.SuiteRunner$SuiteWorker.run(SuiteRunner.java:418)
at org.testng.internal.thread.ThreadUtil.lambda$execute$0(ThreadUtil.java:64)
at java.util.concurrent.FutureTask.run(FutureTask.java:266)
at java.util.concurrent.ThreadPoolExecutor.runWorker(ThreadPoolExecutor.java:1149)
at java.util.concurrent.ThreadPoolExecutor$Worker.run(ThreadPoolExecutor.java:624)
at java.lang.Thread.run(Thread.java:748)
]]>
        </failure>
    </testcase> <!-- requiredPasswords -->
    <system-out>
        <![CDATA[This is the sample screenshot
<a href='/Users/rentlycoimbatore/eclipse-workspace/keyless/Screenshots/null_null_null/2021-06-06-23-11-17/ChangePasswordTest/requiredPasswords.png'> <img src='/Users/rentlycoimbatore/eclipse-workspace/keyless/Screenshots/null_null_null/2021-06-06-23-11-17/ChangePasswordTest/requiredPasswords.png' height='400' width='400'/> </a>]]>
    </system-out>
    <testcase name="cannotBeSameAsOldPassword" time="5.105"
              classname="com.keylessQE.test.AccountTab.ChangePasswordTest">
        <failure type="java.lang.AssertionError" message="The following asserts failed:
	expected [Support] but found [• Password should not be the same as your old password]">
            <![CDATA[java.lang.AssertionError: The following asserts failed:
expected [Support] but found [• Password should not be the same as your old password]
at org.testng.asserts.SoftAssert.assertAll(SoftAssert.java:47)
at org.testng.asserts.SoftAssert.assertAll(SoftAssert.java:31)
at com.keyless.AccountTab.ChangePassword.passwordCannotBeSameAsOldPassword(ChangePassword.java:150)
at com.keylessQE.test.AccountTab.ChangePasswordTest.cannotBeSameAsOldPassword(ChangePasswordTest.java:65)
at sun.reflect.NativeMethodAccessorImpl.invoke0(Native Method)
at sun.reflect.NativeMethodAccessorImpl.invoke(NativeMethodAccessorImpl.java:62)
at sun.reflect.DelegatingMethodAccessorImpl.invoke(DelegatingMethodAccessorImpl.java:43)
at java.lang.reflect.Method.invoke(Method.java:498)
at org.testng.internal.MethodInvocationHelper.invokeMethod(MethodInvocationHelper.java:133)
at org.testng.internal.TestInvoker.invokeMethod(TestInvoker.java:598)
at org.testng.internal.TestInvoker.invokeTestMethod(TestInvoker.java:173)
at org.testng.internal.MethodRunner.runInSequence(MethodRunner.java:46)
at org.testng.internal.TestInvoker$MethodInvocationAgent.invoke(TestInvoker.java:824)
at org.testng.internal.TestInvoker.invokeTestMethods(TestInvoker.java:146)
at org.testng.internal.TestMethodWorker.invokeTestMethods(TestMethodWorker.java:146)
at org.testng.internal.TestMethodWorker.run(TestMethodWorker.java:128)
at java.util.ArrayList.forEach(ArrayList.java:1257)
at org.testng.TestRunner.privateRun(TestRunner.java:794)
at org.testng.TestRunner.run(TestRunner.java:596)
at org.testng.SuiteRunner.runTest(SuiteRunner.java:377)
at org.testng.SuiteRunner.access$000(SuiteRunner.java:28)
at org.testng.SuiteRunner$SuiteWorker.run(SuiteRunner.java:418)
at org.testng.internal.thread.ThreadUtil.lambda$execute$0(ThreadUtil.java:64)
at java.util.concurrent.FutureTask.run(FutureTask.java:266)
at java.util.concurrent.ThreadPoolExecutor.runWorker(ThreadPoolExecutor.java:1149)
at java.util.concurrent.ThreadPoolExecutor$Worker.run(ThreadPoolExecutor.java:624)
at java.lang.Thread.run(Thread.java:748)
]]>
        </failure>
    </testcase> <!-- cannotBeSameAsOldPassword -->
    <system-out>
        <![CDATA[This is the sample screenshot
<a href='/Users/rentlycoimbatore/eclipse-workspace/keyless/Screenshots/null_null_null/2021-06-06-23-11-17/ChangePasswordTest/cannotBeSameAsOldPassword.png'> <img src='/Users/rentlycoimbatore/eclipse-workspace/keyless/Screenshots/null_null_null/2021-06-06-23-11-17/ChangePasswordTest/cannotBeSameAsOldPassword.png' height='400' width='400'/> </a>]]>
    </system-out>
    <testcase name="atleast8Characters" time="5.227" classname="com.keylessQE.test.AccountTab.ChangePasswordTest">
        <failure type="java.lang.AssertionError" message="The following asserts failed:
	expected [Support] but found [• Password must have at least 8 characters]">
            <![CDATA[java.lang.AssertionError: The following asserts failed:
expected [Support] but found [• Password must have at least 8 characters]
at org.testng.asserts.SoftAssert.assertAll(SoftAssert.java:47)
at org.testng.asserts.SoftAssert.assertAll(SoftAssert.java:31)
at com.keyless.AccountTab.ChangePassword.passwordCharacters(ChangePassword.java:161)
at com.keylessQE.test.AccountTab.ChangePasswordTest.atleast8Characters(ChangePasswordTest.java:74)
at sun.reflect.NativeMethodAccessorImpl.invoke0(Native Method)
at sun.reflect.NativeMethodAccessorImpl.invoke(NativeMethodAccessorImpl.java:62)
at sun.reflect.DelegatingMethodAccessorImpl.invoke(DelegatingMethodAccessorImpl.java:43)
at java.lang.reflect.Method.invoke(Method.java:498)
at org.testng.internal.MethodInvocationHelper.invokeMethod(MethodInvocationHelper.java:133)
at org.testng.internal.TestInvoker.invokeMethod(TestInvoker.java:598)
at org.testng.internal.TestInvoker.invokeTestMethod(TestInvoker.java:173)
at org.testng.internal.MethodRunner.runInSequence(MethodRunner.java:46)
at org.testng.internal.TestInvoker$MethodInvocationAgent.invoke(TestInvoker.java:824)
at org.testng.internal.TestInvoker.invokeTestMethods(TestInvoker.java:146)
at org.testng.internal.TestMethodWorker.invokeTestMethods(TestMethodWorker.java:146)
at org.testng.internal.TestMethodWorker.run(TestMethodWorker.java:128)
at java.util.ArrayList.forEach(ArrayList.java:1257)
at org.testng.TestRunner.privateRun(TestRunner.java:794)
at org.testng.TestRunner.run(TestRunner.java:596)
at org.testng.SuiteRunner.runTest(SuiteRunner.java:377)
at org.testng.SuiteRunner.access$000(SuiteRunner.java:28)
at org.testng.SuiteRunner$SuiteWorker.run(SuiteRunner.java:418)
at org.testng.internal.thread.ThreadUtil.lambda$execute$0(ThreadUtil.java:64)
at java.util.concurrent.FutureTask.run(FutureTask.java:266)
at java.util.concurrent.ThreadPoolExecutor.runWorker(ThreadPoolExecutor.java:1149)
at java.util.concurrent.ThreadPoolExecutor$Worker.run(ThreadPoolExecutor.java:624)
at java.lang.Thread.run(Thread.java:748)
]]>
        </failure>
    </testcase> <!-- atleast8Characters -->
    <system-out>
        <![CDATA[This is the sample screenshot
<a href='/Users/rentlycoimbatore/eclipse-workspace/keyless/Screenshots/null_null_null/2021-06-06-23-11-17/ChangePasswordTest/atleast8Characters.png'> <img src='/Users/rentlycoimbatore/eclipse-workspace/keyless/Screenshots/null_null_null/2021-06-06-23-11-17/ChangePasswordTest/atleast8Characters.png' height='400' width='400'/> </a>]]>
    </system-out>
</testsuite> <!-- com.keylessQE.test.AccountTab.ChangePasswordTest -->
